生成启动时间为 2017/11/21 2:51:44。
     1>项目“C:\Users\lenovo\Desktop\数据结构代码\Chap9_hash\hash_dict\HASHDICT.vcxproj”在节点 2 上(Build 个目标)。
     1>ClCompile:
         C:\visualstudio\VC\bin\CL.exe /c /ZI /nologo /W3 /WX- /Od /Oy- /D WIN32 /D _DEBUG /D _CONSOLE /D _VC80_UPGRADE=0x0600 /D _MBCS /Gm /EHsc /RTC1 /MTd /GS /Gy- /fp:precise /Zc:wchar_t /Zc:forScope /Fo".\Debug\\" /Fd".\Debug\vc110.pdb" /Gd /TP /analyze- /errorReport:prompt HASHDICT.CPP
         HASHDICT.CPP
     1>c:\users\lenovo\desktop\数据结构代码\chap9_hash\hash_dict\int.h(13): error C2143: 语法错误 : 缺少“;”(在“&”的前面)
     1>c:\users\lenovo\desktop\数据结构代码\chap9_hash\hash_dict\int.h(13): error C4430: 缺少类型说明符 - 假定为 int。注意: C++ 不支持默认 int
     1>c:\users\lenovo\desktop\数据结构代码\chap9_hash\hash_dict\int.h(13): error C2065: “s”: 未声明的标识符
     1>c:\users\lenovo\desktop\数据结构代码\chap9_hash\hash_dict\int.h(13): error C2059: 语法错误:“const”
     1>c:\users\lenovo\desktop\数据结构代码\chap9_hash\hash_dict\int.h(14): error C2143: 语法错误 : 缺少“;”(在“{”的前面)
     1>c:\users\lenovo\desktop\数据结构代码\chap9_hash\hash_dict\int.h(14): error C2447: “{”: 缺少函数标题(是否是老式的形式表?)
     1>c:\users\lenovo\desktop\数据结构代码\chap9_hash\hash_dict\int.h(15): error C2143: 语法错误 : 缺少“;”(在“&”的前面)
     1>c:\users\lenovo\desktop\数据结构代码\chap9_hash\hash_dict\int.h(15): error C4430: 缺少类型说明符 - 假定为 int。注意: C++ 不支持默认 int
     1>c:\users\lenovo\desktop\数据结构代码\chap9_hash\hash_dict\int.h(15): error C2086: “int ostream”: 重定义
                 c:\users\lenovo\desktop\数据结构代码\chap9_hash\hash_dict\int.h(13) : 参见“ostream”的声明
     1>c:\users\lenovo\desktop\数据结构代码\chap9_hash\hash_dict\int.h(15): error C2065: “s”: 未声明的标识符
     1>c:\users\lenovo\desktop\数据结构代码\chap9_hash\hash_dict\int.h(15): error C2059: 语法错误:“const”
     1>c:\users\lenovo\desktop\数据结构代码\chap9_hash\hash_dict\int.h(16): error C2143: 语法错误 : 缺少“;”(在“{”的前面)
     1>c:\users\lenovo\desktop\数据结构代码\chap9_hash\hash_dict\int.h(16): error C2447: “{”: 缺少函数标题(是否是老式的形式表?)
     1>c:\users\lenovo\desktop\数据结构代码\chap9_hash\hash_dict\hashdict.cpp(80): error C2065: “cout”: 未声明的标识符
     1>c:\users\lenovo\desktop\数据结构代码\chap9_hash\hash_dict\hashdict.cpp(82): error C2065: “cout”: 未声明的标识符
     1>c:\users\lenovo\desktop\数据结构代码\chap9_hash\hash_dict\hashdict.cpp(89): error C2065: “cout”: 未声明的标识符
     1>c:\users\lenovo\desktop\数据结构代码\chap9_hash\hash_dict\hashdict.cpp(91): error C2065: “cout”: 未声明的标识符
     1>已完成生成项目“C:\Users\lenovo\Desktop\数据结构代码\Chap9_hash\hash_dict\HASHDICT.vcxproj”(Build 个目标)的操作 - 失败。

生成失败。

已用时间 00:00:00.49
