生成启动时间为 2017/11/26 20:52:50。
     1>项目“C:\Users\lenovo\Desktop\数据结构代码\Chap8_ExtSort_runable\LoserTree_runable\LoserTree.vcxproj”在节点 2 上(Build 个目标)。
     1>ClCompile:
         C:\visualstudio\VC\bin\CL.exe /c /ZI /nologo /W3 /WX- /Od /Oy- /D WIN32 /D _DEBUG /D _CONSOLE /D _VC80_UPGRADE=0x0600 /D _MBCS /Gm /EHsc /RTC1 /MTd /GS /Gy- /fp:precise /Zc:wchar_t /Zc:forScope /Fo".\Debug\\" /Fd".\Debug\vc110.pdb" /Gd /TP /analyze- /errorReport:prompt LoserTree.cpp
         LoserTree.cpp
     1>c:\users\lenovo\desktop\数据结构代码\chap8_extsort_runable\losertree_runable\losertree.cpp(21): warning C4996: 'fopen': This function or variable may be unsafe. Consider using fopen_s instead. To disable deprecation, use _CRT_SECURE_NO_WARNINGS. See online help for details.
                 c:\visualstudio\vc\include\stdio.h(218) : 参见“fopen”的声明
     1>c:\users\lenovo\desktop\数据结构代码\chap8_extsort_runable\losertree_runable\losertree.cpp(28): warning C4996: '_itoa': This function or variable may be unsafe. Consider using _itoa_s instead. To disable deprecation, use _CRT_SECURE_NO_WARNINGS. See online help for details.
                 c:\visualstudio\vc\include\stdlib.h(468) : 参见“_itoa”的声明
     1>c:\users\lenovo\desktop\数据结构代码\chap8_extsort_runable\losertree_runable\losertree.cpp(29): warning C4996: 'strcat': This function or variable may be unsafe. Consider using strcat_s instead. To disable deprecation, use _CRT_SECURE_NO_WARNINGS. See online help for details.
                 c:\visualstudio\vc\include\string.h(115) : 参见“strcat”的声明
     1>c:\users\lenovo\desktop\数据结构代码\chap8_extsort_runable\losertree_runable\losertree.cpp(34): warning C4996: 'fopen': This function or variable may be unsafe. Consider using fopen_s instead. To disable deprecation, use _CRT_SECURE_NO_WARNINGS. See online help for details.
                 c:\visualstudio\vc\include\stdio.h(218) : 参见“fopen”的声明
     1>c:\users\lenovo\desktop\数据结构代码\chap8_extsort_runable\losertree_runable\losertree.cpp(39): warning C4996: 'fscanf': This function or variable may be unsafe. Consider using fscanf_s instead. To disable deprecation, use _CRT_SECURE_NO_WARNINGS. See online help for details.
                 c:\visualstudio\vc\include\stdio.h(237) : 参见“fscanf”的声明
     1>c:\users\lenovo\desktop\数据结构代码\chap8_extsort_runable\losertree_runable\losertree.cpp(71): warning C4996: 'fopen': This function or variable may be unsafe. Consider using fopen_s instead. To disable deprecation, use _CRT_SECURE_NO_WARNINGS. See online help for details.
                 c:\visualstudio\vc\include\stdio.h(218) : 参见“fopen”的声明
     1>c:\users\lenovo\desktop\数据结构代码\chap8_extsort_runable\losertree_runable\losertree.cpp(73): warning C4996: 'fscanf': This function or variable may be unsafe. Consider using fscanf_s instead. To disable deprecation, use _CRT_SECURE_NO_WARNINGS. See online help for details.
                 c:\visualstudio\vc\include\stdio.h(237) : 参见“fscanf”的声明
     1>c:\users\lenovo\desktop\数据结构代码\chap8_extsort_runable\losertree_runable\losertree.h(329): warning C4996: 'fscanf': This function or variable may be unsafe. Consider using fscanf_s instead. To disable deprecation, use _CRT_SECURE_NO_WARNINGS. See online help for details.
                 c:\visualstudio\vc\include\stdio.h(237) : 参见“fscanf”的声明
                 c:\users\lenovo\desktop\数据结构代码\chap8_extsort_runable\losertree_runable\losertree.h(371): 参见对正在编译的函数 模板 实例化“void fillBuffer<int>(FILE *,Buffer<Elem> &)”的引用
                 with
                 [
                     Elem=int
                 ]
                 c:\users\lenovo\desktop\数据结构代码\chap8_extsort_runable\losertree_runable\losertree.cpp(58): 参见对正在编译的函数 模板 实例化“void multiMerge<int>(LoserTree<T> &,T *,Buffer<Elem> *,FILE **)”的引用
                 with
                 [
                     T=int,
                     Elem=int
                 ]
       Link:
         C:\visualstudio\VC\bin\link.exe /ERRORREPORT:PROMPT /OUT:".\Debug\LoserTree.exe" /INCREMENTAL /NOLOGO odbc32.lib odbccp32.lib kernel32.lib user32.lib gdi32.lib winspool.lib comdlg32.lib advapi32.lib shell32.lib ole32.lib oleaut32.lib uuid.lib odbc32.lib odbccp32.lib /MANIFEST /MANIFESTUAC:"level='asInvoker' uiAccess='false'" /manifest:embed /DEBUG /PDB:".\Debug\LoserTree.pdb" /SUBSYSTEM:CONSOLE /TLBID:1 /DYNAMICBASE /NXCOMPAT /IMPLIB:".\Debug\LoserTree.lib" /MACHINE:X86 /SAFESEH .\Debug\LoserTree.obj
     1>LoserTree.obj : warning LNK4075: 忽略“/EDITANDCONTINUE”(由于“/SAFESEH”规范)
         LoserTree.vcxproj -> C:\Users\lenovo\Desktop\数据结构代码\Chap8_ExtSort_runable\LoserTree_runable\.\Debug\LoserTree.exe
     1>已完成生成项目“C:\Users\lenovo\Desktop\数据结构代码\Chap8_ExtSort_runable\LoserTree_runable\LoserTree.vcxproj”(Build 个目标)的操作。

生成成功。

已用时间 00:00:06.10
