生成启动时间为 2017/11/28 1:41:36。
     1>项目“C:\Users\lenovo\Desktop\数据结构代码\chap12_AdvTree_runable\SplayTree\splay.vcxproj”在节点 2 上(Build 个目标)。
     1>ClCompile:
         C:\visualstudio\VC\bin\CL.exe /c /ZI /nologo /W3 /WX- /Od /Oy- /D WIN32 /D _DEBUG /D _CONSOLE /D _VC80_UPGRADE=0x0600 /D _MBCS /Gm /EHsc /RTC1 /MTd /GS /Gy- /fp:precise /Zc:wchar_t /Zc:forScope /Fo".\Debug\\" /Fd".\Debug\vc110.pdb" /Gd /TP /analyze- /errorReport:prompt splay.cpp
         splay.cpp
     1>c:\users\lenovo\desktop\数据结构代码\chap12_advtree_runable\splaytree\splay.cpp(72): warning C4996: 'strcpy': This function or variable may be unsafe. Consider using strcpy_s instead. To disable deprecation, use _CRT_SECURE_NO_WARNINGS. See online help for details.
                 c:\visualstudio\vc\include\string.h(110) : 参见“strcpy”的声明
     1>c:\users\lenovo\desktop\数据结构代码\chap12_advtree_runable\splaytree\splay.cpp(92): warning C4996: 'strcpy': This function or variable may be unsafe. Consider using strcpy_s instead. To disable deprecation, use _CRT_SECURE_NO_WARNINGS. See online help for details.
                 c:\visualstudio\vc\include\string.h(110) : 参见“strcpy”的声明
     1>c:\users\lenovo\desktop\数据结构代码\chap12_advtree_runable\splaytree\splay.h(143): error C2784: “std::basic_ostream<_Elem,_Traits> &std::operator <<(std::basic_ostream<_Elem,_Traits> &,const std::error_code &)”: 未能从“std::istream”为“std::basic_ostream<_Elem,_Traits> &”推导 模板 参数
                 c:\visualstudio\vc\include\ostream(1101) : 参见“std::operator <<”的声明
                 c:\users\lenovo\desktop\数据结构代码\chap12_advtree_runable\splaytree\splay.h(133): 编译类 模板 成员函数“void SplayTree<T>::insert(const T &)”时
                 with
                 [
                     T=Word
                 ]
                 c:\users\lenovo\desktop\数据结构代码\chap12_advtree_runable\splaytree\splay.cpp(75): 参见对正在编译的函数 模板 实例化“void SplayTree<T>::insert(const T &)”的引用
                 with
                 [
                     T=Word
                 ]
                 c:\users\lenovo\desktop\数据结构代码\chap12_advtree_runable\splaytree\splay.cpp(32): 参见对正在编译的类 模板 实例化“SplayTree<T>”的引用
                 with
                 [
                     T=Word
                 ]
                 c:\visualstudio\vc\include\ostream(1101) : 参见“std::operator <<”的声明
                 c:\visualstudio\vc\include\ostream(1101) : 参见“std::operator <<”的声明
                 c:\visualstudio\vc\include\ostream(1101) : 参见“std::operator <<”的声明
     1>c:\users\lenovo\desktop\数据结构代码\chap12_advtree_runable\splaytree\splay.h(143): error C2784: “std::basic_ostream<_Elem,_Traits> &std::operator <<(std::basic_ostream<_Elem,_Traits> &&,const _Ty &)”: 未能从“std::istream”为“std::basic_ostream<_Elem,_Traits> &&”推导 模板 参数
                 c:\visualstudio\vc\include\ostream(984) : 参见“std::operator <<”的声明
                 c:\visualstudio\vc\include\ostream(984) : 参见“std::operator <<”的声明
                 c:\visualstudio\vc\include\ostream(984) : 参见“std::operator <<”的声明
                 c:\visualstudio\vc\include\ostream(984) : 参见“std::operator <<”的声明
     1>c:\users\lenovo\desktop\数据结构代码\chap12_advtree_runable\splaytree\splay.h(143): error C2784: “std::basic_ostream<char,_Traits> &std::operator <<(std::basic_ostream<char,_Traits> &,unsigned char)”: 未能从“std::istream”为“std::basic_ostream<char,_Traits> &”推导 模板 参数
                 c:\visualstudio\vc\include\ostream(974) : 参见“std::operator <<”的声明
                 c:\visualstudio\vc\include\ostream(974) : 参见“std::operator <<”的声明
                 c:\visualstudio\vc\include\ostream(974) : 参见“std::operator <<”的声明
                 c:\visualstudio\vc\include\ostream(974) : 参见“std::operator <<”的声明
     1>c:\users\lenovo\desktop\数据结构代码\chap12_advtree_runable\splaytree\splay.h(143): error C2784: “std::basic_ostream<char,_Traits> &std::operator <<(std::basic_ostream<char,_Traits> &,const unsigned char *)”: 未能从“std::istream”为“std::basic_ostream<char,_Traits> &”推导 模板 参数
                 c:\visualstudio\vc\include\ostream(967) : 参见“std::operator <<”的声明
                 c:\visualstudio\vc\include\ostream(967) : 参见“std::operator <<”的声明
                 c:\visualstudio\vc\include\ostream(967) : 参见“std::operator <<”的声明
                 c:\visualstudio\vc\include\ostream(967) : 参见“std::operator <<”的声明
     1>c:\users\lenovo\desktop\数据结构代码\chap12_advtree_runable\splaytree\splay.h(143): error C2784: “std::basic_ostream<char,_Traits> &std::operator <<(std::basic_ostream<char,_Traits> &,signed char)”: 未能从“std::istream”为“std::basic_ostream<char,_Traits> &”推导 模板 参数
                 c:\visualstudio\vc\include\ostream(960) : 参见“std::operator <<”的声明
                 c:\visualstudio\vc\include\ostream(960) : 参见“std::operator <<”的声明
                 c:\visualstudio\vc\include\ostream(960) : 参见“std::operator <<”的声明
                 c:\visualstudio\vc\include\ostream(960) : 参见“std::operator <<”的声明
     1>c:\users\lenovo\desktop\数据结构代码\chap12_advtree_runable\splaytree\splay.h(143): error C2784: “std::basic_ostream<char,_Traits> &std::operator <<(std::basic_ostream<char,_Traits> &,const signed char *)”: 未能从“std::istream”为“std::basic_ostream<char,_Traits> &”推导 模板 参数
                 c:\visualstudio\vc\include\ostream(953) : 参见“std::operator <<”的声明
                 c:\visualstudio\vc\include\ostream(953) : 参见“std::operator <<”的声明
                 c:\visualstudio\vc\include\ostream(953) : 参见“std::operator <<”的声明
                 c:\visualstudio\vc\include\ostream(953) : 参见“std::operator <<”的声明
     1>c:\users\lenovo\desktop\数据结构代码\chap12_advtree_runable\splaytree\splay.h(143): error C2784: “std::basic_ostream<_Elem,_Traits> &std::operator <<(std::basic_ostream<_Elem,_Traits> &,_Elem)”: 未能从“std::istream”为“std::basic_ostream<_Elem,_Traits> &”推导 模板 参数
                 c:\visualstudio\vc\include\ostream(914) : 参见“std::operator <<”的声明
                 c:\visualstudio\vc\include\ostream(914) : 参见“std::operator <<”的声明
                 c:\visualstudio\vc\include\ostream(914) : 参见“std::operator <<”的声明
                 c:\visualstudio\vc\include\ostream(914) : 参见“std::operator <<”的声明
     1>c:\users\lenovo\desktop\数据结构代码\chap12_advtree_runable\splaytree\splay.h(143): error C2784: “std::basic_ostream<_Elem,_Traits> &std::operator <<(std::basic_ostream<_Elem,_Traits> &,const _Elem *)”: 未能从“std::istream”为“std::basic_ostream<_Elem,_Traits> &”推导 模板 参数
                 c:\visualstudio\vc\include\ostream(867) : 参见“std::operator <<”的声明
                 c:\visualstudio\vc\include\ostream(867) : 参见“std::operator <<”的声明
                 c:\visualstudio\vc\include\ostream(867) : 参见“std::operator <<”的声明
                 c:\visualstudio\vc\include\ostream(867) : 参见“std::operator <<”的声明
     1>c:\users\lenovo\desktop\数据结构代码\chap12_advtree_runable\splaytree\splay.h(143): error C2784: “std::basic_ostream<char,_Traits> &std::operator <<(std::basic_ostream<char,_Traits> &,char)”: 未能从“std::istream”为“std::basic_ostream<char,_Traits> &”推导 模板 参数
                 c:\visualstudio\vc\include\ostream(827) : 参见“std::operator <<”的声明
                 c:\visualstudio\vc\include\ostream(827) : 参见“std::operator <<”的声明
                 c:\visualstudio\vc\include\ostream(827) : 参见“std::operator <<”的声明
                 c:\visualstudio\vc\include\ostream(827) : 参见“std::operator <<”的声明
     1>c:\users\lenovo\desktop\数据结构代码\chap12_advtree_runable\splaytree\splay.h(143): error C2784: “std::basic_ostream<char,_Traits> &std::operator <<(std::basic_ostream<char,_Traits> &,const char *)”: 未能从“std::istream”为“std::basic_ostream<char,_Traits> &”推导 模板 参数
                 c:\visualstudio\vc\include\ostream(780) : 参见“std::operator <<”的声明
                 c:\visualstudio\vc\include\ostream(780) : 参见“std::operator <<”的声明
                 c:\visualstudio\vc\include\ostream(780) : 参见“std::operator <<”的声明
                 c:\visualstudio\vc\include\ostream(780) : 参见“std::operator <<”的声明
     1>c:\users\lenovo\desktop\数据结构代码\chap12_advtree_runable\splaytree\splay.h(143): error C2784: “std::basic_ostream<_Elem,_Traits> &std::operator <<(std::basic_ostream<_Elem,_Traits> &,char)”: 未能从“std::istream”为“std::basic_ostream<_Elem,_Traits> &”推导 模板 参数
                 c:\visualstudio\vc\include\ostream(742) : 参见“std::operator <<”的声明
                 c:\visualstudio\vc\include\ostream(742) : 参见“std::operator <<”的声明
                 c:\visualstudio\vc\include\ostream(742) : 参见“std::operator <<”的声明
                 c:\visualstudio\vc\include\ostream(742) : 参见“std::operator <<”的声明
     1>c:\users\lenovo\desktop\数据结构代码\chap12_advtree_runable\splaytree\splay.h(143): error C2784: “std::basic_ostream<_Elem,_Traits> &std::operator <<(std::basic_ostream<_Elem,_Traits> &,const char *)”: 未能从“std::istream”为“std::basic_ostream<_Elem,_Traits> &”推导 模板 参数
                 c:\visualstudio\vc\include\ostream(695) : 参见“std::operator <<”的声明
                 c:\visualstudio\vc\include\ostream(695) : 参见“std::operator <<”的声明
                 c:\visualstudio\vc\include\ostream(695) : 参见“std::operator <<”的声明
                 c:\visualstudio\vc\include\ostream(695) : 参见“std::operator <<”的声明
     1>c:\users\lenovo\desktop\数据结构代码\chap12_advtree_runable\splaytree\splay.h(143): error C2676: 二进制“<<”:“std::istream”不定义该运算符或到预定义运算符可接收的类型的转换
     1>已完成生成项目“C:\Users\lenovo\Desktop\数据结构代码\chap12_AdvTree_runable\SplayTree\splay.vcxproj”(Build 个目标)的操作 - 失败。

生成失败。

已用时间 00:00:02.34
